<?xml version="1.0" encoding="UTF-8"?>
<testng-results skipped="0" failed="0" total="1" passed="1">
  <reporter-output>
  </reporter-output>
  <suite name="com.mycompany.hedyabby.searchInfromation" duration-ms="22253" started-at="2016-03-14T10:41:30Z" finished-at="2016-03-14T10:41:52Z">
    <groups>
    </groups>
    <test name="Command line test" duration-ms="22253" started-at="2016-03-14T10:41:30Z" finished-at="2016-03-14T10:41:52Z">
      <class name="com.mycompany.hedyabby.searchInfromation">
        <test-method status="PASS" signature="setupFirefox()[pri:0, instance:com.mycompany.hedyabby.searchInfromation@3d8c7aca]" name="setupFirefox" is-config="true" duration-ms="10785" started-at="2016-03-14T18:41:30Z" finished-at="2016-03-14T18:41:41Z">
          <reporter-output>
          </reporter-output>
        </test-method> <!-- setupFirefox -->
        <test-method status="PASS" signature="search()[pri:0, instance:com.mycompany.hedyabby.searchInfromation@3d8c7aca]" name="search" duration-ms="11252" started-at="2016-03-14T18:41:41Z" finished-at="2016-03-14T18:41:52Z">
          <reporter-output>
          </reporter-output>
        </test-method> <!-- search -->
        <test-method status="PASS" signature="closeFirefox()[pri:0, instance:com.mycompany.hedyabby.searchInfromation@3d8c7aca]" name="closeFirefox" is-config="true" duration-ms="184" started-at="2016-03-14T18:41:52Z" finished-at="2016-03-14T18:41:52Z">
          <reporter-output>
          </reporter-output>
        </test-method> <!-- closeFirefox -->
      </class> <!-- com.mycompany.hedyabby.searchInfromation -->
    </test> <!-- Command line test -->
  </suite> <!-- com.mycompany.hedyabby.searchInfromation -->
</testng-results>
