<?xml version="1.0" encoding="UTF-8"?>
<testng-results skipped="0" failed="0" total="1" passed="1">
  <reporter-output>
  </reporter-output>
  <suite name="Account Test Suite" duration-ms="79516" started-at="2016-03-25T06:04:09Z" finished-at="2016-03-25T06:05:28Z">
    <groups>
    </groups>
    <test name="US05" duration-ms="79516" started-at="2016-03-25T06:04:09Z" finished-at="2016-03-25T06:05:28Z">
      <class name="com.perficient.test.US05.TC001_US05">
        <test-method status="PASS" signature="setupFirefox(java.lang.String, java.lang.String, java.lang.String)[pri:0, instance:com.perficient.test.US05.TC001_US05@67b6d4ae]" name="setupFirefox" is-config="true" duration-ms="5339" started-at="2016-03-25T14:04:09Z" finished-at="2016-03-25T14:04:14Z">
          <params>
            <param index="0">
              <value>
                <![CDATA[true]]>
              </value>
            </param>
            <param index="1">
              <value>
                <![CDATA[10.2.7.32]]>
              </value>
            </param>
            <param index="2">
              <value>
                <![CDATA[4444]]>
              </value>
            </param>
          </params>
          <reporter-output>
          </reporter-output>
        </test-method> <!-- setupFirefox -->
        <test-method status="PASS" signature="click()[pri:0, instance:com.perficient.test.US05.TC001_US05@67b6d4ae]" name="click" duration-ms="74081" started-at="2016-03-25T14:04:14Z" finished-at="2016-03-25T14:05:28Z">
          <reporter-output>
          </reporter-output>
        </test-method> <!-- click -->
        <test-method status="PASS" signature="closeFirefox()[pri:0, instance:com.perficient.test.US05.TC001_US05@67b6d4ae]" name="closeFirefox" is-config="true" duration-ms="82" started-at="2016-03-25T14:05:28Z" finished-at="2016-03-25T14:05:28Z">
          <reporter-output>
          </reporter-output>
        </test-method> <!-- closeFirefox -->
      </class> <!-- com.perficient.test.US05.TC001_US05 -->
    </test> <!-- US05 -->
  </suite> <!-- Account Test Suite -->
</testng-results>
